<?xml version="1.0" encoding="UTF-8"?>
<testsuite xmlns:xsi="http://www.w3.org/2001/XMLSchema-instance" xsi:noNamespaceSchemaLocation="https://maven.apache.org/surefire/maven-surefire-plugin/xsd/surefire-test-report-3.0.xsd" version="3.0" name="com.bishe.SpringbootTableTest" time="0.021" tests="1" errors="0" skipped="0" failures="0">
  <properties>
    <property name="java.specification.version" value="17"/>
    <property name="sun.cpu.isalist" value="amd64"/>
    <property name="sun.jnu.encoding" value="GBK"/>
    <property name="java.class.path" value="D:\bishe\TableSelect\target\test-classes;D:\bishe\TableSelect\target\classes;D:\software\apache-maven-3.6.1\mvn_resp\junit\junit\3.8.1\junit-3.8.1.jar;D:\software\apache-maven-3.6.1\mvn_resp\org\springframework\boot\spring-boot-starter-web\3.1.2\spring-boot-starter-web-3.1.2.jar;D:\software\apache-maven-3.6.1\mvn_resp\org\springframework\boot\spring-boot-starter\3.1.2\spring-boot-starter-3.1.2.jar;D:\software\apache-maven-3.6.1\mvn_resp\org\springframework\boot\spring-boot\3.1.2\spring-boot-3.1.2.jar;D:\software\apache-maven-3.6.1\mvn_resp\org\springframework\boot\spring-boot-starter-logging\3.1.2\spring-boot-starter-logging-3.1.2.jar;D:\software\apache-maven-3.6.1\mvn_resp\ch\qos\logback\logback-classic\1.4.8\logback-classic-1.4.8.jar;D:\software\apache-maven-3.6.1\mvn_resp\ch\qos\logback\logback-core\1.4.8\logback-core-1.4.8.jar;D:\software\apache-maven-3.6.1\mvn_resp\org\apache\logging\log4j\log4j-to-slf4j\2.20.0\log4j-to-slf4j-2.20.0.jar;D:\software\apache-maven-3.6.1\mvn_resp\org\slf4j\jul-to-slf4j\2.0.7\jul-to-slf4j-2.0.7.jar;D:\software\apache-maven-3.6.1\mvn_resp\jakarta\annotation\jakarta.annotation-api\2.1.1\jakarta.annotation-api-2.1.1.jar;D:\software\apache-maven-3.6.1\mvn_resp\org\springframework\spring-core\6.0.11\spring-core-6.0.11.jar;D:\software\apache-maven-3.6.1\mvn_resp\org\springframework\spring-jcl\6.0.11\spring-jcl-6.0.11.jar;D:\software\apache-maven-3.6.1\mvn_resp\org\yaml\snakeyaml\1.33\snakeyaml-1.33.jar;D:\software\apache-maven-3.6.1\mvn_resp\org\springframework\boot\spring-boot-starter-json\3.1.2\spring-boot-starter-json-3.1.2.jar;D:\software\apache-maven-3.6.1\mvn_resp\com\fasterxml\jackson\datatype\jackson-datatype-jdk8\2.15.2\jackson-datatype-jdk8-2.15.2.jar;D:\software\apache-maven-3.6.1\mvn_resp\com\fasterxml\jackson\datatype\jackson-datatype-jsr310\2.15.2\jackson-datatype-jsr310-2.15.2.jar;D:\software\apache-maven-3.6.1\mvn_resp\com\fasterxml\jackson\module\jackson-module-parameter-names\2.15.2\jackson-module-parameter-names-2.15.2.jar;D:\software\apache-maven-3.6.1\mvn_resp\org\springframework\boot\spring-boot-starter-tomcat\3.1.2\spring-boot-starter-tomcat-3.1.2.jar;D:\software\apache-maven-3.6.1\mvn_resp\org\apache\tomcat\embed\tomcat-embed-core\10.1.11\tomcat-embed-core-10.1.11.jar;D:\software\apache-maven-3.6.1\mvn_resp\org\apache\tomcat\embed\tomcat-embed-el\10.1.11\tomcat-embed-el-10.1.11.jar;D:\software\apache-maven-3.6.1\mvn_resp\org\apache\tomcat\embed\tomcat-embed-websocket\10.1.11\tomcat-embed-websocket-10.1.11.jar;D:\software\apache-maven-3.6.1\mvn_resp\org\springframework\spring-web\6.0.11\spring-web-6.0.11.jar;D:\software\apache-maven-3.6.1\mvn_resp\org\springframework\spring-beans\6.0.11\spring-beans-6.0.11.jar;D:\software\apache-maven-3.6.1\mvn_resp\io\micrometer\micrometer-observation\1.11.2\micrometer-observation-1.11.2.jar;D:\software\apache-maven-3.6.1\mvn_resp\io\micrometer\micrometer-commons\1.11.2\micrometer-commons-1.11.2.jar;D:\software\apache-maven-3.6.1\mvn_resp\org\springframework\spring-webmvc\6.0.11\spring-webmvc-6.0.11.jar;D:\software\apache-maven-3.6.1\mvn_resp\org\springframework\spring-context\6.0.11\spring-context-6.0.11.jar;D:\software\apache-maven-3.6.1\mvn_resp\org\springframework\spring-expression\6.0.11\spring-expression-6.0.11.jar;D:\software\apache-maven-3.6.1\mvn_resp\org\mybatis\spring\boot\mybatis-spring-boot-starter\3.0.0\mybatis-spring-boot-starter-3.0.0.jar;D:\software\apache-maven-3.6.1\mvn_resp\org\springframework\boot\spring-boot-starter-jdbc\3.1.2\spring-boot-starter-jdbc-3.1.2.jar;D:\software\apache-maven-3.6.1\mvn_resp\com\zaxxer\HikariCP\5.0.1\HikariCP-5.0.1.jar;D:\software\apache-maven-3.6.1\mvn_resp\org\slf4j\slf4j-api\2.0.7\slf4j-api-2.0.7.jar;D:\software\apache-maven-3.6.1\mvn_resp\org\springframework\spring-jdbc\6.0.11\spring-jdbc-6.0.11.jar;D:\software\apache-maven-3.6.1\mvn_resp\org\springframework\spring-tx\6.0.11\spring-tx-6.0.11.jar;D:\software\apache-maven-3.6.1\mvn_resp\org\mybatis\spring\boot\mybatis-spring-boot-autoconfigure\3.0.0\mybatis-spring-boot-autoconfigure-3.0.0.jar;D:\software\apache-maven-3.6.1\mvn_resp\org\mybatis\mybatis\3.5.11\mybatis-3.5.11.jar;D:\software\apache-maven-3.6.1\mvn_resp\org\mybatis\mybatis-spring\3.0.0\mybatis-spring-3.0.0.jar;D:\software\apache-maven-3.6.1\mvn_resp\com\baomidou\mybatis-plus-boot-starter\3.5.3.2\mybatis-plus-boot-starter-3.5.3.2.jar;D:\software\apache-maven-3.6.1\mvn_resp\com\baomidou\mybatis-plus\3.5.3.2\mybatis-plus-3.5.3.2.jar;D:\software\apache-maven-3.6.1\mvn_resp\com\baomidou\mybatis-plus-extension\3.5.3.2\mybatis-plus-extension-3.5.3.2.jar;D:\software\apache-maven-3.6.1\mvn_resp\com\baomidou\mybatis-plus-core\3.5.3.2\mybatis-plus-core-3.5.3.2.jar;D:\software\apache-maven-3.6.1\mvn_resp\com\baomidou\mybatis-plus-annotation\3.5.3.2\mybatis-plus-annotation-3.5.3.2.jar;D:\software\apache-maven-3.6.1\mvn_resp\com\github\jsqlparser\jsqlparser\4.6\jsqlparser-4.6.jar;D:\software\apache-maven-3.6.1\mvn_resp\org\springframework\boot\spring-boot-autoconfigure\3.1.2\spring-boot-autoconfigure-3.1.2.jar;D:\software\apache-maven-3.6.1\mvn_resp\com\mysql\mysql-connector-j\8.0.33\mysql-connector-j-8.0.33.jar;D:\software\apache-maven-3.6.1\mvn_resp\org\apache\poi\poi-ooxml\5.2.3\poi-ooxml-5.2.3.jar;D:\software\apache-maven-3.6.1\mvn_resp\org\apache\poi\poi\5.2.3\poi-5.2.3.jar;D:\software\apache-maven-3.6.1\mvn_resp\commons-codec\commons-codec\1.15\commons-codec-1.15.jar;D:\software\apache-maven-3.6.1\mvn_resp\org\apache\commons\commons-math3\3.6.1\commons-math3-3.6.1.jar;D:\software\apache-maven-3.6.1\mvn_resp\com\zaxxer\SparseBitSet\1.2\SparseBitSet-1.2.jar;D:\software\apache-maven-3.6.1\mvn_resp\org\apache\poi\poi-ooxml-lite\5.2.3\poi-ooxml-lite-5.2.3.jar;D:\software\apache-maven-3.6.1\mvn_resp\org\apache\xmlbeans\xmlbeans\5.1.1\xmlbeans-5.1.1.jar;D:\software\apache-maven-3.6.1\mvn_resp\org\apache\commons\commons-compress\1.21\commons-compress-1.21.jar;D:\software\apache-maven-3.6.1\mvn_resp\commons-io\commons-io\2.11.0\commons-io-2.11.0.jar;D:\software\apache-maven-3.6.1\mvn_resp\com\github\virtuald\curvesapi\1.07\curvesapi-1.07.jar;D:\software\apache-maven-3.6.1\mvn_resp\org\apache\logging\log4j\log4j-api\2.20.0\log4j-api-2.20.0.jar;D:\software\apache-maven-3.6.1\mvn_resp\org\apache\commons\commons-collections4\4.4\commons-collections4-4.4.jar;D:\software\apache-maven-3.6.1\mvn_resp\org\springframework\boot\spring-boot-starter-aop\3.1.2\spring-boot-starter-aop-3.1.2.jar;D:\software\apache-maven-3.6.1\mvn_resp\org\springframework\spring-aop\6.0.11\spring-aop-6.0.11.jar;D:\software\apache-maven-3.6.1\mvn_resp\org\aspectj\aspectjweaver\1.9.19\aspectjweaver-1.9.19.jar;D:\software\apache-maven-3.6.1\mvn_resp\org\projectlombok\lombok\1.18.28\lombok-1.18.28.jar;D:\software\apache-maven-3.6.1\mvn_resp\cn\hutool\hutool-all\5.8.18\hutool-all-5.8.18.jar;D:\software\apache-maven-3.6.1\mvn_resp\com\auth0\java-jwt\4.3.0\java-jwt-4.3.0.jar;D:\software\apache-maven-3.6.1\mvn_resp\com\fasterxml\jackson\core\jackson-databind\2.15.2\jackson-databind-2.15.2.jar;D:\software\apache-maven-3.6.1\mvn_resp\com\fasterxml\jackson\core\jackson-annotations\2.15.2\jackson-annotations-2.15.2.jar;D:\software\apache-maven-3.6.1\mvn_resp\com\fasterxml\jackson\core\jackson-core\2.15.2\jackson-core-2.15.2.jar;"/>
    <property name="java.vm.vendor" value="Oracle Corporation"/>
    <property name="sun.arch.data.model" value="64"/>
    <property name="user.variant" value=""/>
    <property name="java.vendor.url" value="https://java.oracle.com/"/>
    <property name="user.timezone" value="Asia/Shanghai"/>
    <property name="os.name" value="Windows 11"/>
    <property name="java.vm.specification.version" value="17"/>
    <property name="sun.java.launcher" value="SUN_STANDARD"/>
    <property name="user.country" value="CN"/>
    <property name="sun.boot.library.path" value="D:\Java17\bin"/>
    <property name="sun.java.command" value="C:\Users\LENOVO\AppData\Local\Temp\surefire4967512401877243273\surefirebooter-20240422222553410_3.jar C:\Users\LENOVO\AppData\Local\Temp\surefire4967512401877243273 2024-04-22T22-25-53_318-jvmRun1 surefire-20240422222553410_1tmp surefire_0-20240422222553410_2tmp"/>
    <property name="jdk.debug" value="release"/>
    <property name="surefire.test.class.path" value="D:\bishe\TableSelect\target\test-classes;D:\bishe\TableSelect\target\classes;D:\software\apache-maven-3.6.1\mvn_resp\junit\junit\3.8.1\junit-3.8.1.jar;D:\software\apache-maven-3.6.1\mvn_resp\org\springframework\boot\spring-boot-starter-web\3.1.2\spring-boot-starter-web-3.1.2.jar;D:\software\apache-maven-3.6.1\mvn_resp\org\springframework\boot\spring-boot-starter\3.1.2\spring-boot-starter-3.1.2.jar;D:\software\apache-maven-3.6.1\mvn_resp\org\springframework\boot\spring-boot\3.1.2\spring-boot-3.1.2.jar;D:\software\apache-maven-3.6.1\mvn_resp\org\springframework\boot\spring-boot-starter-logging\3.1.2\spring-boot-starter-logging-3.1.2.jar;D:\software\apache-maven-3.6.1\mvn_resp\ch\qos\logback\logback-classic\1.4.8\logback-classic-1.4.8.jar;D:\software\apache-maven-3.6.1\mvn_resp\ch\qos\logback\logback-core\1.4.8\logback-core-1.4.8.jar;D:\software\apache-maven-3.6.1\mvn_resp\org\apache\logging\log4j\log4j-to-slf4j\2.20.0\log4j-to-slf4j-2.20.0.jar;D:\software\apache-maven-3.6.1\mvn_resp\org\slf4j\jul-to-slf4j\2.0.7\jul-to-slf4j-2.0.7.jar;D:\software\apache-maven-3.6.1\mvn_resp\jakarta\annotation\jakarta.annotation-api\2.1.1\jakarta.annotation-api-2.1.1.jar;D:\software\apache-maven-3.6.1\mvn_resp\org\springframework\spring-core\6.0.11\spring-core-6.0.11.jar;D:\software\apache-maven-3.6.1\mvn_resp\org\springframework\spring-jcl\6.0.11\spring-jcl-6.0.11.jar;D:\software\apache-maven-3.6.1\mvn_resp\org\yaml\snakeyaml\1.33\snakeyaml-1.33.jar;D:\software\apache-maven-3.6.1\mvn_resp\org\springframework\boot\spring-boot-starter-json\3.1.2\spring-boot-starter-json-3.1.2.jar;D:\software\apache-maven-3.6.1\mvn_resp\com\fasterxml\jackson\datatype\jackson-datatype-jdk8\2.15.2\jackson-datatype-jdk8-2.15.2.jar;D:\software\apache-maven-3.6.1\mvn_resp\com\fasterxml\jackson\datatype\jackson-datatype-jsr310\2.15.2\jackson-datatype-jsr310-2.15.2.jar;D:\software\apache-maven-3.6.1\mvn_resp\com\fasterxml\jackson\module\jackson-module-parameter-names\2.15.2\jackson-module-parameter-names-2.15.2.jar;D:\software\apache-maven-3.6.1\mvn_resp\org\springframework\boot\spring-boot-starter-tomcat\3.1.2\spring-boot-starter-tomcat-3.1.2.jar;D:\software\apache-maven-3.6.1\mvn_resp\org\apache\tomcat\embed\tomcat-embed-core\10.1.11\tomcat-embed-core-10.1.11.jar;D:\software\apache-maven-3.6.1\mvn_resp\org\apache\tomcat\embed\tomcat-embed-el\10.1.11\tomcat-embed-el-10.1.11.jar;D:\software\apache-maven-3.6.1\mvn_resp\org\apache\tomcat\embed\tomcat-embed-websocket\10.1.11\tomcat-embed-websocket-10.1.11.jar;D:\software\apache-maven-3.6.1\mvn_resp\org\springframework\spring-web\6.0.11\spring-web-6.0.11.jar;D:\software\apache-maven-3.6.1\mvn_resp\org\springframework\spring-beans\6.0.11\spring-beans-6.0.11.jar;D:\software\apache-maven-3.6.1\mvn_resp\io\micrometer\micrometer-observation\1.11.2\micrometer-observation-1.11.2.jar;D:\software\apache-maven-3.6.1\mvn_resp\io\micrometer\micrometer-commons\1.11.2\micrometer-commons-1.11.2.jar;D:\software\apache-maven-3.6.1\mvn_resp\org\springframework\spring-webmvc\6.0.11\spring-webmvc-6.0.11.jar;D:\software\apache-maven-3.6.1\mvn_resp\org\springframework\spring-context\6.0.11\spring-context-6.0.11.jar;D:\software\apache-maven-3.6.1\mvn_resp\org\springframework\spring-expression\6.0.11\spring-expression-6.0.11.jar;D:\software\apache-maven-3.6.1\mvn_resp\org\mybatis\spring\boot\mybatis-spring-boot-starter\3.0.0\mybatis-spring-boot-starter-3.0.0.jar;D:\software\apache-maven-3.6.1\mvn_resp\org\springframework\boot\spring-boot-starter-jdbc\3.1.2\spring-boot-starter-jdbc-3.1.2.jar;D:\software\apache-maven-3.6.1\mvn_resp\com\zaxxer\HikariCP\5.0.1\HikariCP-5.0.1.jar;D:\software\apache-maven-3.6.1\mvn_resp\org\slf4j\slf4j-api\2.0.7\slf4j-api-2.0.7.jar;D:\software\apache-maven-3.6.1\mvn_resp\org\springframework\spring-jdbc\6.0.11\spring-jdbc-6.0.11.jar;D:\software\apache-maven-3.6.1\mvn_resp\org\springframework\spring-tx\6.0.11\spring-tx-6.0.11.jar;D:\software\apache-maven-3.6.1\mvn_resp\org\mybatis\spring\boot\mybatis-spring-boot-autoconfigure\3.0.0\mybatis-spring-boot-autoconfigure-3.0.0.jar;D:\software\apache-maven-3.6.1\mvn_resp\org\mybatis\mybatis\3.5.11\mybatis-3.5.11.jar;D:\software\apache-maven-3.6.1\mvn_resp\org\mybatis\mybatis-spring\3.0.0\mybatis-spring-3.0.0.jar;D:\software\apache-maven-3.6.1\mvn_resp\com\baomidou\mybatis-plus-boot-starter\3.5.3.2\mybatis-plus-boot-starter-3.5.3.2.jar;D:\software\apache-maven-3.6.1\mvn_resp\com\baomidou\mybatis-plus\3.5.3.2\mybatis-plus-3.5.3.2.jar;D:\software\apache-maven-3.6.1\mvn_resp\com\baomidou\mybatis-plus-extension\3.5.3.2\mybatis-plus-extension-3.5.3.2.jar;D:\software\apache-maven-3.6.1\mvn_resp\com\baomidou\mybatis-plus-core\3.5.3.2\mybatis-plus-core-3.5.3.2.jar;D:\software\apache-maven-3.6.1\mvn_resp\com\baomidou\mybatis-plus-annotation\3.5.3.2\mybatis-plus-annotation-3.5.3.2.jar;D:\software\apache-maven-3.6.1\mvn_resp\com\github\jsqlparser\jsqlparser\4.6\jsqlparser-4.6.jar;D:\software\apache-maven-3.6.1\mvn_resp\org\springframework\boot\spring-boot-autoconfigure\3.1.2\spring-boot-autoconfigure-3.1.2.jar;D:\software\apache-maven-3.6.1\mvn_resp\com\mysql\mysql-connector-j\8.0.33\mysql-connector-j-8.0.33.jar;D:\software\apache-maven-3.6.1\mvn_resp\org\apache\poi\poi-ooxml\5.2.3\poi-ooxml-5.2.3.jar;D:\software\apache-maven-3.6.1\mvn_resp\org\apache\poi\poi\5.2.3\poi-5.2.3.jar;D:\software\apache-maven-3.6.1\mvn_resp\commons-codec\commons-codec\1.15\commons-codec-1.15.jar;D:\software\apache-maven-3.6.1\mvn_resp\org\apache\commons\commons-math3\3.6.1\commons-math3-3.6.1.jar;D:\software\apache-maven-3.6.1\mvn_resp\com\zaxxer\SparseBitSet\1.2\SparseBitSet-1.2.jar;D:\software\apache-maven-3.6.1\mvn_resp\org\apache\poi\poi-ooxml-lite\5.2.3\poi-ooxml-lite-5.2.3.jar;D:\software\apache-maven-3.6.1\mvn_resp\org\apache\xmlbeans\xmlbeans\5.1.1\xmlbeans-5.1.1.jar;D:\software\apache-maven-3.6.1\mvn_resp\org\apache\commons\commons-compress\1.21\commons-compress-1.21.jar;D:\software\apache-maven-3.6.1\mvn_resp\commons-io\commons-io\2.11.0\commons-io-2.11.0.jar;D:\software\apache-maven-3.6.1\mvn_resp\com\github\virtuald\curvesapi\1.07\curvesapi-1.07.jar;D:\software\apache-maven-3.6.1\mvn_resp\org\apache\logging\log4j\log4j-api\2.20.0\log4j-api-2.20.0.jar;D:\software\apache-maven-3.6.1\mvn_resp\org\apache\commons\commons-collections4\4.4\commons-collections4-4.4.jar;D:\software\apache-maven-3.6.1\mvn_resp\org\springframework\boot\spring-boot-starter-aop\3.1.2\spring-boot-starter-aop-3.1.2.jar;D:\software\apache-maven-3.6.1\mvn_resp\org\springframework\spring-aop\6.0.11\spring-aop-6.0.11.jar;D:\software\apache-maven-3.6.1\mvn_resp\org\aspectj\aspectjweaver\1.9.19\aspectjweaver-1.9.19.jar;D:\software\apache-maven-3.6.1\mvn_resp\org\projectlombok\lombok\1.18.28\lombok-1.18.28.jar;D:\software\apache-maven-3.6.1\mvn_resp\cn\hutool\hutool-all\5.8.18\hutool-all-5.8.18.jar;D:\software\apache-maven-3.6.1\mvn_resp\com\auth0\java-jwt\4.3.0\java-jwt-4.3.0.jar;D:\software\apache-maven-3.6.1\mvn_resp\com\fasterxml\jackson\core\jackson-databind\2.15.2\jackson-databind-2.15.2.jar;D:\software\apache-maven-3.6.1\mvn_resp\com\fasterxml\jackson\core\jackson-annotations\2.15.2\jackson-annotations-2.15.2.jar;D:\software\apache-maven-3.6.1\mvn_resp\com\fasterxml\jackson\core\jackson-core\2.15.2\jackson-core-2.15.2.jar;"/>
    <property name="sun.cpu.endian" value="little"/>
    <property name="user.home" value="C:\Users\LENOVO"/>
    <property name="user.language" value="zh"/>
    <property name="java.specification.vendor" value="Oracle Corporation"/>
    <property name="java.version.date" value="2024-01-16"/>
    <property name="java.home" value="D:\Java17"/>
    <property name="file.separator" value="\"/>
    <property name="basedir" value="D:\bishe\TableSelect"/>
    <property name="java.vm.compressedOopsMode" value="Zero based"/>
    <property name="line.separator" value="&#10;"/>
    <property name="java.vm.specification.vendor" value="Oracle Corporation"/>
    <property name="java.specification.name" value="Java Platform API Specification"/>
    <property name="surefire.real.class.path" value="C:\Users\LENOVO\AppData\Local\Temp\surefire4967512401877243273\surefirebooter-20240422222553410_3.jar"/>
    <property name="user.script" value=""/>
    <property name="sun.management.compiler" value="HotSpot 64-Bit Tiered Compilers"/>
    <property name="java.runtime.version" value="17.0.10+11-LTS-240"/>
    <property name="user.name" value="LENOVO"/>
    <property name="path.separator" value=";"/>
    <property name="os.version" value="10.0"/>
    <property name="java.runtime.name" value="Java(TM) SE Runtime Environment"/>
    <property name="file.encoding" value="GBK"/>
    <property name="java.vm.name" value="Java HotSpot(TM) 64-Bit Server VM"/>
    <property name="localRepository" value="D:\software\apache-maven-3.6.1\mvn_resp"/>
    <property name="java.vendor.url.bug" value="https://bugreport.java.com/bugreport/"/>
    <property name="java.io.tmpdir" value="C:\Users\LENOVO\AppData\Local\Temp\"/>
    <property name="idea.version" value="2022.2.3"/>
    <property name="java.version" value="17.0.10"/>
    <property name="user.dir" value="D:\bishe\TableSelect"/>
    <property name="os.arch" value="amd64"/>
    <property name="java.vm.specification.name" value="Java Virtual Machine Specification"/>
    <property name="sun.os.patch.level" value=""/>
    <property name="native.encoding" value="GBK"/>
    <property name="java.library.path" value="D:\Java17\bin;C:\WINDOWS\Sun\Java\bin;C:\WINDOWS\system32;C:\WINDOWS;C:\Program Files\Common Files\Oracle\Java\javapath;D:\mypython;D:\vmware\bin\;C:\Windows\System64;D:\Java\jdk1.8.0_172\jre\bin;D:\software\apache-maven-3.6.1\bin;D:\Java\jdk1.8.0_172\bin;C:\Program Files (x86)\Common Files\Oracle\Java\javapath;D:\ImageMagick-7.1.0-Q16;C:\Windows\system32;C:\Windows;C:\Windows\System32\Wbem;C:\Windows\System32\WindowsPowerShell\v1.0\;C:\Windows\System32\OpenSSH\;C:\Program Files (x86)\NVIDIA Corporation\PhysX\Common;C:\Program Files\NVIDIA Corporation\NVIDIA NvDLISR;C:\Program Files (x86)\Microsoft SQL Server\100\Tools\Binn\;C:\Program Files\Microsoft SQL Server\100\Tools\Binn\;C:\Program Files\Microsoft SQL Server\100\DTS\Binn\;C:\WINDOWS\system32;D:\python3.9;C:\WINDOWS;C:\WINDOWS\System32\Wbem;C:\WINDOWS\System32\WindowsPowerShell\v1.0\;C:\WINDOWS\System32\OpenSSH\;D:\qt\Tools\mingw530_32\bin;D:\qt\5.9.8\winrt_x86_msvc2017\bin;D:\vs2019\VC\Tools\MSVC\14.29.30133\bin;%QUARTUS_ROOTDIR%\bin;D:\PyCharm Community Edition 2021.3\bin;&quot;D:\mysql\mysql-8.0.28-winx64\bin;&quot;;D:\mysql\mysql-8.0.28-winx64\bin;D:\Anaconda;D:\Anaconda\Scripts;D:\mingw64\bin;D:\大数据分析技术\大数据课程需要文件\动画 相关\ffmpeg-2022-06-16-git-5242ede48d-essentials_build\bin;D:\Git\cmd;D:\Nodejs\;D:\Nodejs\node_global;&quot;C:\WINDOWS\system32;C:\WINDOWS;C:\WINDOWS\System32\Wbem&quot;;D:\python310\Scripts\;D:\python310\;D:\python3.9\Scripts\;D:\python3.9\;D:\mypython\Scripts\;D:\mypython\;C:\Users\LENOVO\AppData\Local\Microsoft\WindowsApps;E:\PyCharm 2021.2.2\bin;;D:\PyCharm Community Edition 2021.3.2\bin;;D:\Microsoft VS Code\bin;C:\Users\LENOVO\AppData\Roaming\npm;D:\Nodejs\node_global;D:\PhpStorm 2022.2.3\bin;;C:\Program Files\JetBrains\CLion 2021.1.3\bin;;;."/>
    <property name="java.vm.info" value="mixed mode, sharing"/>
    <property name="java.vendor" value="Oracle Corporation"/>
    <property name="java.vm.version" value="17.0.10+11-LTS-240"/>
    <property name="sun.io.unicode.encoding" value="UnicodeLittle"/>
    <property name="maven.repo.local" value="D:\software\apache-maven-3.6.1\mvn_resp"/>
    <property name="java.class.version" value="61.0"/>
  </properties>
  <testcase name="testApp" classname="com.bishe.SpringbootTableTest" time="0.001"/>
</testsuite>